<?xml version="1.0" encoding="UTF-8"?>
<!-- Generated by org.testng.reporters.JUnitXMLReporter -->
<testsuite ignored="1" hostname="DESKTOP-UK5P5F3" failures="0" tests="2" name="Test" time="26.587" errors="0" timestamp="2025-08-26T17:08:41 IST">
  <testcase classname="testCases.TC001_AccountRegistartionTest" name="verify_account_registration" time="6.005"/>
  <testcase classname="testCases.TC002_LoginTest" name="verify_Login" time="2.586"/>
  <testcase classname="testCases.TC003_LoginDDT" name="verify_loginDDT" time="0.0">
    <ignored/>
  </testcase> <!-- verify_loginDDT -->
</testsuite> <!-- Test -->
