<?xml version="1.0" encoding="UTF-8"?>
<testng-results ignored="0" total="2" passed="2" failed="0" skipped="0">
  <reporter-output>
  </reporter-output>
  <suite started-at="2025-09-01T16:12:56 IST" name="Master Suite" finished-at="2025-09-01T16:13:38 IST" duration-ms="42385">
    <groups>
      <group name="Master">
        <method signature="TC001_AccountRegistartionTest.verify_account_registration()[pri:0, instance:testCases.TC001_AccountRegistartionTest@7a67e3c6]" name="verify_account_registration" class="testCases.TC001_AccountRegistartionTest"/>
        <method signature="TC002_LoginTest.verify_Login()[pri:0, instance:testCases.TC002_LoginTest@60129b9a]" name="verify_Login" class="testCases.TC002_LoginTest"/>
      </group> <!-- Master -->
      <group name="Sanity">
        <method signature="TC002_LoginTest.verify_Login()[pri:0, instance:testCases.TC002_LoginTest@60129b9a]" name="verify_Login" class="testCases.TC002_LoginTest"/>
      </group> <!-- Sanity -->
      <group name="Regression">
        <method signature="TC001_AccountRegistartionTest.verify_account_registration()[pri:0, instance:testCases.TC001_AccountRegistartionTest@7a67e3c6]" name="verify_account_registration" class="testCases.TC001_AccountRegistartionTest"/>
      </group> <!-- Regression -->
    </groups>
    <test started-at="2025-09-01T16:12:56 IST" name="Test" finished-at="2025-09-01T16:13:38 IST" duration-ms="42385">
      <class name="testCases.TC002_LoginTest">
        <test-method is-config="true" signature="setup(java.lang.String,java.lang.String)[pri:0, instance:testCases.TC002_LoginTest@60129b9a]" started-at="2025-09-01T16:13:28 IST" name="setup" finished-at="2025-09-01T16:13:34 IST" duration-ms="6727" status="PASS">
          <params>
            <param index="0">
              <value>
                <![CDATA[Windows]]>
              </value>
            </param>
            <param index="1">
              <value>
                <![CDATA[chrome]]>
              </value>
            </param>
          </params>
          <reporter-output>
          </reporter-output>
        </test-method> <!-- setup -->
        <test-method signature="verify_Login()[pri:0, instance:testCases.TC002_LoginTest@60129b9a]" started-at="2025-09-01T16:13:34 IST" name="verify_Login" finished-at="2025-09-01T16:13:38 IST" duration-ms="3415" status="PASS">
          <reporter-output>
          </reporter-output>
        </test-method> <!-- verify_Login -->
        <test-method is-config="true" signature="tearDown()[pri:0, instance:testCases.TC002_LoginTest@60129b9a]" started-at="2025-09-01T16:13:38 IST" name="tearDown" finished-at="2025-09-01T16:13:38 IST" duration-ms="499" status="PASS">
          <reporter-output>
          </reporter-output>
        </test-method> <!-- tearDown -->
      </class> <!-- testCases.TC002_LoginTest -->
      <class name="testCases.TC001_AccountRegistartionTest">
        <test-method is-config="true" signature="setup(java.lang.String,java.lang.String)[pri:0, instance:testCases.TC001_AccountRegistartionTest@7a67e3c6]" started-at="2025-09-01T16:12:58 IST" name="setup" finished-at="2025-09-01T16:13:22 IST" duration-ms="23490" status="PASS">
          <params>
            <param index="0">
              <value>
                <![CDATA[Windows]]>
              </value>
            </param>
            <param index="1">
              <value>
                <![CDATA[chrome]]>
              </value>
            </param>
          </params>
          <reporter-output>
          </reporter-output>
        </test-method> <!-- setup -->
        <test-method signature="verify_account_registration()[pri:0, instance:testCases.TC001_AccountRegistartionTest@7a67e3c6]" started-at="2025-09-01T16:13:22 IST" name="verify_account_registration" finished-at="2025-09-01T16:13:27 IST" duration-ms="5149" status="PASS">
          <reporter-output>
          </reporter-output>
        </test-method> <!-- verify_account_registration -->
        <test-method is-config="true" signature="tearDown()[pri:0, instance:testCases.TC001_AccountRegistartionTest@7a67e3c6]" started-at="2025-09-01T16:13:27 IST" name="tearDown" finished-at="2025-09-01T16:13:28 IST" duration-ms="792" status="PASS">
          <reporter-output>
          </reporter-output>
        </test-method> <!-- tearDown -->
      </class> <!-- testCases.TC001_AccountRegistartionTest -->
    </test> <!-- Test -->
  </suite> <!-- Master Suite -->
</testng-results>
